<?xml version="1.0" encoding="UTF-8"?>
<!-- Generated by org.testng.reporters.JUnitReportReporter -->
<testsuite hostname="Ashwin" failures="0" tests="1" name="RestAssuredE2E.RestAssuredFramework.CreateBooking" time="2.718" errors="0" timestamp="2024-06-13T13:54:16 IST" skipped="0">
  <testcase classname="RestAssuredE2E.RestAssuredFramework.CreateBooking" name="createNewBooking" time="2.718"/>
</testsuite> <!-- RestAssuredE2E.RestAssuredFramework.CreateBooking -->
